<?xml version="1.0" encoding="UTF-8"?>
<!-- Generated by org.testng.reporters.JUnitReportReporter -->
<testsuite hostname="APT04-1DKF7G3" failures="0" tests="1" name="BhanuFrameworkPractice.ExtentReports.extentReportDemo" time="4.986" errors="0" timestamp="2024-04-10T11:00:34 IST" skipped="0">
  <testcase classname="BhanuFrameworkPractice.ExtentReports.extentReportDemo" name="initialDemo" time="4.986"/>
</testsuite> <!-- BhanuFrameworkPractice.ExtentReports.extentReportDemo -->
